Using pre-set license
Built from '2022.3/release' branch; Version is '2022.3.5f1 (9674261d40ee) revision 9860134'; Using compiler version '192829333'; Build Type 'Release'
OS: 'Windows 11  (10.0.22621) 64bit Core' Language: 'en' Physical Memory: 7959 MB
BatchMode: 1, IsHumanControllingUs: 0, StartBugReporterOnCrash: 0, Is64bit: 1, IsPro: 1

COMMAND LINE ARGUMENTS:
C:\Program Files\Unity\Hub\Editor\2022.3.5f1\Editor\Unity.exe
-adb2
-batchMode
-noUpm
-name
AssetImportWorker0
-projectPath
D:/Game Design/Unity Projects/Burge-G300-Final/Burge-Final
-logFile
Logs/AssetImportWorker0.log
-srvPort
55708
Successfully changed project path to: D:/Game Design/Unity Projects/Burge-G300-Final/Burge-Final
D:/Game Design/Unity Projects/Burge-G300-Final/Burge-Final
[UnityMemory] Configuration Parameters - Can be set up in boot.config
    "memorysetup-bucket-allocator-granularity=16"
    "memorysetup-bucket-allocator-bucket-count=8"
    "memorysetup-bucket-allocator-block-size=33554432"
    "memorysetup-bucket-allocator-block-count=8"
    "memorysetup-main-allocator-block-size=16777216"
    "memorysetup-thread-allocator-block-size=16777216"
    "memorysetup-gfx-main-allocator-block-size=16777216"
    "memorysetup-gfx-thread-allocator-block-size=16777216"
    "memorysetup-cache-allocator-block-size=4194304"
    "memorysetup-typetree-allocator-block-size=2097152"
    "memorysetup-profiler-bucket-allocator-granularity=16"
    "memorysetup-profiler-bucket-allocator-bucket-count=8"
    "memorysetup-profiler-bucket-allocator-block-size=33554432"
    "memorysetup-profiler-bucket-allocator-block-count=8"
    "memorysetup-profiler-allocator-block-size=16777216"
    "memorysetup-profiler-editor-allocator-block-size=1048576"
    "memorysetup-temp-allocator-size-main=16777216"
    "memorysetup-job-temp-allocator-block-size=2097152"
    "memorysetup-job-temp-allocator-block-size-background=1048576"
    "memorysetup-job-temp-allocator-reduction-small-platforms=262144"
    "memorysetup-allocator-temp-initial-block-size-main=262144"
    "memorysetup-allocator-temp-initial-block-size-worker=262144"
    "memorysetup-temp-allocator-size-background-worker=32768"
    "memorysetup-temp-allocator-size-job-worker=262144"
    "memorysetup-temp-allocator-size-preload-manager=33554432"
    "memorysetup-temp-allocator-size-nav-mesh-worker=65536"
    "memorysetup-temp-allocator-size-audio-worker=65536"
    "memorysetup-temp-allocator-size-cloud-worker=32768"
    "memorysetup-temp-allocator-size-gi-baking-worker=262144"
    "memorysetup-temp-allocator-size-gfx=262144"
Player connection [25552] Host "[IP] 10.20.167.64 [Port] 0 [Flags] 2 [Guid] 1322098702 [EditorId] 1322098702 [Version] 1048832 [Id] WindowsEditor(7,DESKTOP-2U6THU9) [Debug] 1 [PackageName] WindowsEditor [ProjectName] Editor" joined multi-casting on [225.0.0.222:54997]...

Player connection [25552] Host "[IP] 10.20.167.64 [Port] 0 [Flags] 2 [Guid] 1322098702 [EditorId] 1322098702 [Version] 1048832 [Id] WindowsEditor(7,DESKTOP-2U6THU9) [Debug] 1 [PackageName] WindowsEditor [ProjectName] Editor" joined alternative multi-casting on [225.0.0.222:34997]...

Refreshing native plugins compatible for Editor in 7373.75 ms, found 3 plugins.
Preloading 0 native plugins for Editor in 0.00 ms.
Initialize engine version: 2022.3.5f1 (9674261d40ee)
[Subsystems] Discovering subsystems at path C:/Program Files/Unity/Hub/Editor/2022.3.5f1/Editor/Data/Resources/UnitySubsystems
[Subsystems] Discovering subsystems at path D:/Game Design/Unity Projects/Burge-G300-Final/Burge-Final/Assets
GfxDevice: creating device client; threaded=0; jobified=0
Direct3D:
    Version:  Direct3D 11.0 [level 11.1]
    Renderer: Intel(R) Iris(R) Plus Graphics (ID=0x8a52)
    Vendor:   Intel
    VRAM:     3979 MB
    Driver:   27.20.100.9365
Initialize mono
Mono path[0] = 'C:/Program Files/Unity/Hub/Editor/2022.3.5f1/Editor/Data/Managed'
Mono path[1] = 'C:/Program Files/Unity/Hub/Editor/2022.3.5f1/Editor/Data/MonoBleedingEdge/lib/mono/unityjit-win32'
Mono config path = 'C:/Program Files/Unity/Hub/Editor/2022.3.5f1/Editor/Data/MonoBleedingEdge/etc'
Using monoOptions --debugger-agent=transport=dt_socket,embedding=1,server=y,suspend=n,address=127.0.0.1:56976
Begin MonoManager ReloadAssembly
Registering precompiled unity dll's ...
Register platform support module: C:/Program Files/Unity/Hub/Editor/2022.3.5f1/Editor/Data/PlaybackEngines/WindowsStandaloneSupport/UnityEditor.WindowsStandalone.Extensions.dll
Registered in 0.022965 seconds.
- Loaded All Assemblies, in  1.120 seconds
Native extension for WindowsStandalone target not found
Mono: successfully reloaded assembly
- Finished resetting the current domain, in  0.756 seconds
Domain Reload Profiling: 1870ms
	BeginReloadAssembly (319ms)
		ExecutionOrderSort (0ms)
		DisableScriptedObjects (0ms)
		BackupInstance (0ms)
		ReleaseScriptingObjects (0ms)
		CreateAndSetChildDomain (3ms)
	RebuildCommonClasses (161ms)
	RebuildNativeTypeToScriptingClass (34ms)
	initialDomainReloadingComplete (169ms)
	LoadAllAssembliesAndSetupDomain (430ms)
		LoadAssemblies (309ms)
		RebuildTransferFunctionScriptingTraits (0ms)
		AnalyzeDomain (413ms)
			TypeCache.Refresh (412ms)
				TypeCache.ScanAssembly (375ms)
			ScanForSourceGeneratedMonoScriptInfo (1ms)
			ResolveRequiredComponents (1ms)
	FinalizeReload (757ms)
		ReleaseScriptCaches (0ms)
		RebuildScriptCaches (0ms)
		SetupLoadedEditorAssemblies (598ms)
			LogAssemblyErrors (0ms)
			InitializePlatformSupportModulesInManaged (23ms)
			SetLoadedEditorAssemblies (23ms)
			RefreshPlugins (0ms)
			BeforeProcessingInitializeOnLoad (6ms)
			ProcessInitializeOnLoadAttributes (405ms)
			ProcessInitializeOnLoadMethodAttributes (141ms)
			AfterProcessingInitializeOnLoad (0ms)
			EditorAssembliesLoaded (0ms)
		ExecutionOrderSort2 (0ms)
		AwakeInstancesAfterBackupRestoration (0ms)
========================================================================
Worker process is ready to serve import requests
Begin MonoManager ReloadAssembly
Symbol file LoadedFromMemory doesn't match image D:\Game Design\Unity Projects\Burge-G300-Final\Burge-Final\Library\PackageCache\com.unity.visualscripting@1.8.0\Editor\VisualScripting.Core\Dependencies\YamlDotNet\Unity.VisualScripting.YamlDotNet.dll
Symbol file LoadedFromMemory doesn't match image D:\Game Design\Unity Projects\Burge-G300-Final\Burge-Final\Library\PackageCache\com.unity.visualscripting@1.8.0\Editor\VisualScripting.Core\Dependencies\DotNetZip\Unity.VisualScripting.IonicZip.dll
- Loaded All Assemblies, in 15.829 seconds
Refreshing native plugins compatible for Editor in 23.03 ms, found 3 plugins.
Native extension for WindowsStandalone target not found
System.Exception: Error! Visual Scripting: couldn't find visual scripting package
  at Unity.VisualScripting.PackageVersionUtility.get_version () [0x00043] in .\Library\PackageCache\com.unity.visualscripting@1.8.0\Editor\VisualScripting.Core\Utilities\PackageVersionUtility.cs:31 
  at Unity.VisualScripting.BoltCoreManifest.get_version () [0x00000] in .\Library\PackageCache\com.unity.visualscripting@1.8.0\Editor\VisualScripting.Core\Plugin\BoltCoreManifest.cs:11 
  at Unity.VisualScripting.PluginManifest.get_currentVersion () [0x00000] in .\Library\PackageCache\com.unity.visualscripting@1.8.0\Editor\VisualScripting.Core\Plugins\PluginManifest.cs:33 
  at Unity.VisualScripting.PluginManifest.get_versionMismatch () [0x00000] in .\Library\PackageCache\com.unity.visualscripting@1.8.0\Editor\VisualScripting.Core\Plugins\PluginManifest.cs:48 
  at Unity.VisualScripting.PluginContainer.Initialize () [0x00525] in .\Library\PackageCache\com.unity.visualscripting@1.8.0\Editor\VisualScripting.Core\Plugins\PluginContainer.cs:208 
  at Unity.VisualScripting.PluginContainer.InitializeOnLoad () [0x00009] in .\Library\PackageCache\com.unity.visualscripting@1.8.0\Editor\VisualScripting.Core\Plugins\PluginContainer.cs:32 
  at Unity.VisualScripting.VSUsageUtility.DoInitializeOnLoadCalls () [0x00034] in .\Library\PackageCache\com.unity.visualscripting@1.8.0\Editor\VisualScripting.Core\Utilities\VSUsageUtility.cs:76 
  at Unity.VisualScripting.VSUsageUtility.set_isVisualScriptingUsed (System.Boolean value) [0x0002c] in .\Library\PackageCache\com.unity.visualscripting@1.8.0\Editor\VisualScripting.Core\Utilities\VSUsageUtility.cs:114 
  at Unity.VisualScripting.VSUsageUtility.CheckAndSetIsVisualScriptingUsed () [0x00032] in .\Library\PackageCache\com.unity.visualscripting@1.8.0\Editor\VisualScripting.Core\Utilities\VSUsageUtility.cs:48 
  at Unity.VisualScripting.VSUsageUtility..cctor () [0x00000] in .\Library\PackageCache\com.unity.visualscripting@1.8.0\Editor\VisualScripting.Core\Utilities\VSUsageUtility.cs:22 
UnityEngine.StackTraceUtility:ExtractStackTrace ()
UnityEngine.DebugLogHandler:LogFormat (UnityEngine.LogType,UnityEngine.Object,string,object[])
UnityEngine.Logger:Log (UnityEngine.LogType,object)
UnityEngine.Debug:LogError (object)
UnityEditor.EditorAssemblies:ProcessInitializeOnLoadAttributes (System.Type[])

Mono: successfully reloaded assembly
- Finished resetting the current domain, in  4.067 seconds
Domain Reload Profiling: 19857ms
	BeginReloadAssembly (344ms)
		ExecutionOrderSort (0ms)
		DisableScriptedObjects (14ms)
		BackupInstance (0ms)
		ReleaseScriptingObjects (0ms)
		CreateAndSetChildDomain (51ms)
	RebuildCommonClasses (97ms)
	RebuildNativeTypeToScriptingClass (33ms)
	initialDomainReloadingComplete (233ms)
	LoadAllAssembliesAndSetupDomain (15082ms)
		LoadAssemblies (14403ms)
		RebuildTransferFunctionScriptingTraits (0ms)
		AnalyzeDomain (846ms)
			TypeCache.Refresh (774ms)
				TypeCache.ScanAssembly (729ms)
			ScanForSourceGeneratedMonoScriptInfo (63ms)
			ResolveRequiredComponents (9ms)
	FinalizeReload (4068ms)
		ReleaseScriptCaches (0ms)
		RebuildScriptCaches (0ms)
		SetupLoadedEditorAssemblies (3300ms)
			LogAssemblyErrors (0ms)
			InitializePlatformSupportModulesInManaged (36ms)
			SetLoadedEditorAssemblies (24ms)
			RefreshPlugins (0ms)
			BeforeProcessingInitializeOnLoad (385ms)
			ProcessInitializeOnLoadAttributes (2736ms)
			ProcessInitializeOnLoadMethodAttributes (94ms)
			AfterProcessingInitializeOnLoad (25ms)
			EditorAssembliesLoaded (0ms)
		ExecutionOrderSort2 (0ms)
		AwakeInstancesAfterBackupRestoration (24ms)
Launched and connected shader compiler UnityShaderCompiler.exe after 0.19 seconds
Refreshing native plugins compatible for Editor in 27.92 ms, found 3 plugins.
Preloading 0 native plugins for Editor in 0.00 ms.
Unloading 3521 Unused Serialized files (Serialized files now loaded: 0)
Unloading 37 unused Assets / (114.1 KB). Loaded Objects now: 3989.
Memory consumption went from 133.2 MB to 133.0 MB.
Total: 32.032900 ms (FindLiveObjects: 0.842400 ms CreateObjectMapping: 0.555700 ms MarkObjects: 30.227800 ms  DeleteObjects: 0.404500 ms)

AssetImportParameters requested are different than current active one (requested -> active):
  custom:container-demuxer-ogg: 62fdf1f143b41e24485cea50d1cbac27 -> 
  custom:video-codec-MediaFoundation-h265: 746d11721c4dcdbdad8f713fa42b33f4 -> 
  custom:video-decoder-ogg-theora: a1e56fd34408186e4bbccfd4996cb3dc -> 
  custom:framework-win-MediaFoundation: 216162199b28c13a410421893ffa2e32 -> 
  custom:container-demuxer-webm: 4f35f7cbe854078d1ac9338744f61a02 -> 
  custom:container-muxer-webm: aa71ff27fc2769a1b78a27578f13a17b -> 
  custom:video-decoder-webm-vp8: 9c59270c3fd7afecdb556c50c9e8de78 -> 
  custom:AudioImporter_EditorPlatform: d09bf68614088b80899f8185d706f6e7 -> 
  custom:video-encoder-webm-vp8: eb34c28f22e8b96e1ab97ce403110664 -> 
  custom:audio-decoder-ogg-vorbis: bf7c407c2cedff20999df2af8eb42d56 -> 
  custom:audio-encoder-webm-vorbis: bf7c407c2cedff20999df2af8eb42d56 -> 
========================================================================
Received Prepare
Refreshing native plugins compatible for Editor in 4.36 ms, found 3 plugins.
Preloading 0 native plugins for Editor in 0.00 ms.
Unloading 2 Unused Serialized files (Serialized files now loaded: 0)
Unloading 2 unused Assets / (45.2 KB). Loaded Objects now: 3989.
Memory consumption went from 73.5 MB to 73.5 MB.
Total: 26.690100 ms (FindLiveObjects: 0.387600 ms CreateObjectMapping: 0.257500 ms MarkObjects: 25.869800 ms  DeleteObjects: 0.172800 ms)

Prepare: number of updated asset objects reloaded= 0
AssetImportParameters requested are different than current active one (requested -> active):
  custom:container-demuxer-ogg: 62fdf1f143b41e24485cea50d1cbac27 -> 
  custom:video-codec-MediaFoundation-h265: 746d11721c4dcdbdad8f713fa42b33f4 -> 
  custom:video-decoder-ogg-theora: a1e56fd34408186e4bbccfd4996cb3dc -> 
  custom:framework-win-MediaFoundation: 216162199b28c13a410421893ffa2e32 -> 
  custom:CustomObjectIndexerAttribute: 756ad292c208cfabdd7b50bc23989ffe -> 
  custom:container-demuxer-webm: 4f35f7cbe854078d1ac9338744f61a02 -> 
  custom:container-muxer-webm: aa71ff27fc2769a1b78a27578f13a17b -> 
  custom:video-decoder-webm-vp8: 9c59270c3fd7afecdb556c50c9e8de78 -> 
  custom:AudioImporter_EditorPlatform: d09bf68614088b80899f8185d706f6e7 -> 
  custom:video-encoder-webm-vp8: eb34c28f22e8b96e1ab97ce403110664 -> 
  custom:audio-decoder-ogg-vorbis: bf7c407c2cedff20999df2af8eb42d56 -> 
  custom:audio-encoder-webm-vorbis: bf7c407c2cedff20999df2af8eb42d56 -> 
========================================================================
Received Import Request.
  Time since last request: 560052.356571 seconds.
  path: Assets/Materials/Marble_Tiles/Marble_Tiles_Normal.png
  artifactKey: Guid(cbabb7ac914a039488bd4d60fd41917d) Importer(815301076,1909f56bfc062723c751e8b465ee728b)
Start importing Assets/Materials/Marble_Tiles/Marble_Tiles_Normal.png using Guid(cbabb7ac914a039488bd4d60fd41917d) Importer(815301076,1909f56bfc062723c751e8b465ee728b)  -> (artifact id: 'c930af5c72f75d7c49c7f6a172cd122b') in 0.320835 seconds
Number of updated asset objects reloaded before import = 0
Number of asset objects unloaded after import = 2
========================================================================
Received Import Request.
  Time since last request: 0.000065 seconds.
  path: Assets/Materials/Marble_Tiles/Marble_Tiles_Displacement.png
  artifactKey: Guid(7ac341a9a951a6d4a92b8bfae402c3ed) Importer(815301076,1909f56bfc062723c751e8b465ee728b)
Start importing Assets/Materials/Marble_Tiles/Marble_Tiles_Displacement.png using Guid(7ac341a9a951a6d4a92b8bfae402c3ed) Importer(815301076,1909f56bfc062723c751e8b465ee728b)  -> (artifact id: 'd0bb472c4667526c6b4c38c9344a432b') in 0.256807 seconds
Number of updated asset objects reloaded before import = 0
Number of asset objects unloaded after import = 2
========================================================================
Received Import Request.
  Time since last request: 90.627382 seconds.
  path: Assets/Materials/Marble_Tiles
  artifactKey: Guid(9dead4a39772d36418b0314f6fb196fa) Importer(815301076,1909f56bfc062723c751e8b465ee728b)
Start importing Assets/Materials/Marble_Tiles using Guid(9dead4a39772d36418b0314f6fb196fa) Importer(815301076,1909f56bfc062723c751e8b465ee728b)  -> (artifact id: 'a0667490fc9e879d0f0c45b273b0af39') in 0.001135 seconds
Number of updated asset objects reloaded before import = 0
Number of asset objects unloaded after import = 0
========================================================================
Received Import Request.
  Time since last request: 6.577299 seconds.
  path: Assets/Materials/Marble_Tiles/New Material.mat
  artifactKey: Guid(bf0de6adf525fba48a85c86f3923c6a1) Importer(815301076,1909f56bfc062723c751e8b465ee728b)
Start importing Assets/Materials/Marble_Tiles/New Material.mat using Guid(bf0de6adf525fba48a85c86f3923c6a1) Importer(815301076,1909f56bfc062723c751e8b465ee728b)  -> (artifact id: '90775c7f2f9dd20b304a3709506ef3d5') in 0.269051 seconds
Number of updated asset objects reloaded before import = 0
Number of asset objects unloaded after import = 1
========================================================================
Received Import Request.
  Time since last request: 77.007701 seconds.
  path: Assets/Materials/Marble_Tiles/Tiles.mat
  artifactKey: Guid(bf0de6adf525fba48a85c86f3923c6a1) Importer(815301076,1909f56bfc062723c751e8b465ee728b)
Start importing Assets/Materials/Marble_Tiles/Tiles.mat using Guid(bf0de6adf525fba48a85c86f3923c6a1) Importer(815301076,1909f56bfc062723c751e8b465ee728b)  -> (artifact id: '847c0b76fc1293d5330213eb297586b3') in 0.865604 seconds
Number of updated asset objects reloaded before import = 0
Number of asset objects unloaded after import = 5
========================================================================
Received Import Request.
  Time since last request: 187.195491 seconds.
  path: Assets/Materials/Blue.mat
  artifactKey: Guid(6ef10d32e0d85404db2b70655c641441) Importer(815301076,1909f56bfc062723c751e8b465ee728b)
Start importing Assets/Materials/Blue.mat using Guid(6ef10d32e0d85404db2b70655c641441) Importer(815301076,1909f56bfc062723c751e8b465ee728b)  -> (artifact id: '4d1895a6b575268572b68a0ffa93f79f') in 0.152051 seconds
Number of updated asset objects reloaded before import = 0
Number of asset objects unloaded after import = 1
========================================================================
Received Import Request.
  Time since last request: 0.000047 seconds.
  path: Assets/Materials/Red.mat
  artifactKey: Guid(7a0f97158a006634bb3ba5f717686ed0) Importer(815301076,1909f56bfc062723c751e8b465ee728b)
Start importing Assets/Materials/Red.mat using Guid(7a0f97158a006634bb3ba5f717686ed0) Importer(815301076,1909f56bfc062723c751e8b465ee728b)  -> (artifact id: '960bc6427ac7b43b02e4faa7d7aea880') in 0.214066 seconds
Number of updated asset objects reloaded before import = 0
Number of asset objects unloaded after import = 1
========================================================================
Received Import Request.
  Time since last request: 0.000130 seconds.
  path: Assets/Materials/orange.mat
  artifactKey: Guid(46db62cf622a3c042b37e0da658a1a40) Importer(815301076,1909f56bfc062723c751e8b465ee728b)
Start importing Assets/Materials/orange.mat using Guid(46db62cf622a3c042b37e0da658a1a40) Importer(815301076,1909f56bfc062723c751e8b465ee728b)  -> (artifact id: '5f7d9571531c122c407003cb8f4de019') in 0.126267 seconds
Number of updated asset objects reloaded before import = 0
Number of asset objects unloaded after import = 1
========================================================================
Received Import Request.
  Time since last request: 48.534995 seconds.
  path: Assets/Materials/Generated_Checker_Tiles
  artifactKey: Guid(1e181c2f54c464644b2f116ca9f6a7e2) Importer(815301076,1909f56bfc062723c751e8b465ee728b)
Start importing Assets/Materials/Generated_Checker_Tiles using Guid(1e181c2f54c464644b2f116ca9f6a7e2) Importer(815301076,1909f56bfc062723c751e8b465ee728b)  -> (artifact id: 'e5b9ebbb8840ef3c5055f938c7885804') in 0.000857 seconds
Number of updated asset objects reloaded before import = 0
Number of asset objects unloaded after import = 0
========================================================================
Received Import Request.
  Time since last request: 0.046274 seconds.
  path: Assets/Materials/Generated_Checker_Tiles/Generated_Checker_Tiles_DIFF.png
  artifactKey: Guid(005c530bfce3905489478c3b06b62014) Importer(815301076,1909f56bfc062723c751e8b465ee728b)
Start importing Assets/Materials/Generated_Checker_Tiles/Generated_Checker_Tiles_DIFF.png using Guid(005c530bfce3905489478c3b06b62014) Importer(815301076,1909f56bfc062723c751e8b465ee728b)  -> (artifact id: '89c774c6f001ca528e3afdf355a7fa22') in 0.174417 seconds
Number of updated asset objects reloaded before import = 0
Number of asset objects unloaded after import = 2
========================================================================
Received Import Request.
  Time since last request: 0.000072 seconds.
  path: Assets/Materials/Generated_Checker_Tiles/Generated_Checker_Tiles_OCC.png
  artifactKey: Guid(83838b0cc3e5e3340984d871b1268e81) Importer(815301076,1909f56bfc062723c751e8b465ee728b)
Start importing Assets/Materials/Generated_Checker_Tiles/Generated_Checker_Tiles_OCC.png using Guid(83838b0cc3e5e3340984d871b1268e81) Importer(815301076,1909f56bfc062723c751e8b465ee728b)  -> (artifact id: 'fd220981578ea4d23312c43e9a7c61b8') in 0.224110 seconds
Number of updated asset objects reloaded before import = 0
Number of asset objects unloaded after import = 2
========================================================================
Received Import Request.
  Time since last request: 0.000054 seconds.
  path: Assets/Materials/Generated_Checker_Tiles/Generated_Checker_Tiles_RGH.png
  artifactKey: Guid(4a34715c2a32bd7449047db82a1f3851) Importer(815301076,1909f56bfc062723c751e8b465ee728b)
Start importing Assets/Materials/Generated_Checker_Tiles/Generated_Checker_Tiles_RGH.png using Guid(4a34715c2a32bd7449047db82a1f3851) Importer(815301076,1909f56bfc062723c751e8b465ee728b)  -> (artifact id: '3514ffa4c066fc459bb64a97bcc59342') in 0.151008 seconds
Number of updated asset objects reloaded before import = 0
Number of asset objects unloaded after import = 2
========================================================================
Received Import Request.
  Time since last request: 15.252163 seconds.
  path: Assets/Materials/Generated_Checker_Tiles/Checkerboard.mat
  artifactKey: Guid(f6b62da701aa437419016b6de74168b8) Importer(815301076,1909f56bfc062723c751e8b465ee728b)
Start importing Assets/Materials/Generated_Checker_Tiles/Checkerboard.mat using Guid(f6b62da701aa437419016b6de74168b8) Importer(815301076,1909f56bfc062723c751e8b465ee728b)  -> (artifact id: '246e05dc34454df6c41e18a88dec27be') in 0.100640 seconds
Number of updated asset objects reloaded before import = 0
Number of asset objects unloaded after import = 1
========================================================================
Received Import Request.
  Time since last request: 123.309251 seconds.
  path: Assets/Materials/Checker_Tiles
  artifactKey: Guid(ea5eb94ae5108ba47b446c5af5d359ee) Importer(815301076,1909f56bfc062723c751e8b465ee728b)
Start importing Assets/Materials/Checker_Tiles using Guid(ea5eb94ae5108ba47b446c5af5d359ee) Importer(815301076,1909f56bfc062723c751e8b465ee728b)  -> (artifact id: '42e18a468ef88b41011d4197a15de21d') in 0.000775 seconds
Number of updated asset objects reloaded before import = 0
Number of asset objects unloaded after import = 0
========================================================================
Received Import Request.
  Time since last request: 0.080350 seconds.
  path: Assets/Materials/Checker_Tiles/Checker_Tiles_DIFF.png
  artifactKey: Guid(e6f999905fc652b42adddc47e853641a) Importer(815301076,1909f56bfc062723c751e8b465ee728b)
Start importing Assets/Materials/Checker_Tiles/Checker_Tiles_DIFF.png using Guid(e6f999905fc652b42adddc47e853641a) Importer(815301076,1909f56bfc062723c751e8b465ee728b)  -> (artifact id: 'db5c667df622f5b8c700c892dd8d88b8') in 0.248181 seconds
Number of updated asset objects reloaded before import = 0
Number of asset objects unloaded after import = 2
========================================================================
Received Import Request.
  Time since last request: 0.000041 seconds.
  path: Assets/Materials/Checker_Tiles/Checker_Tiles_NRM.png
  artifactKey: Guid(b1c5c0258cfecc443a30799475ecd1f2) Importer(815301076,1909f56bfc062723c751e8b465ee728b)
Start importing Assets/Materials/Checker_Tiles/Checker_Tiles_NRM.png using Guid(b1c5c0258cfecc443a30799475ecd1f2) Importer(815301076,1909f56bfc062723c751e8b465ee728b)  -> (artifact id: '932184e4812fe9487003c4e81908083a') in 0.240351 seconds
Number of updated asset objects reloaded before import = 0
Number of asset objects unloaded after import = 2
========================================================================
Received Import Request.
  Time since last request: 0.000053 seconds.
  path: Assets/Materials/Checker_Tiles/Checker_Tiles_OCC.png
  artifactKey: Guid(714f35a022778354a8d2a6f7bf4f5b69) Importer(815301076,1909f56bfc062723c751e8b465ee728b)
Start importing Assets/Materials/Checker_Tiles/Checker_Tiles_OCC.png using Guid(714f35a022778354a8d2a6f7bf4f5b69) Importer(815301076,1909f56bfc062723c751e8b465ee728b)  -> (artifact id: '5d9b427da24c3d930d45c30c9590d94a') in 0.232088 seconds
Number of updated asset objects reloaded before import = 0
Number of asset objects unloaded after import = 2
========================================================================
Received Import Request.
  Time since last request: 57.203872 seconds.
  path: Assets/Materials/Red_Tiles
  artifactKey: Guid(2ff86a38d6939854794e31958ceaac98) Importer(815301076,1909f56bfc062723c751e8b465ee728b)
Start importing Assets/Materials/Red_Tiles using Guid(2ff86a38d6939854794e31958ceaac98) Importer(815301076,1909f56bfc062723c751e8b465ee728b)  -> (artifact id: 'fbd2626051936da34870f613dd893338') in 0.001147 seconds
Number of updated asset objects reloaded before import = 0
Number of asset objects unloaded after import = 0
========================================================================
Received Import Request.
  Time since last request: 0.077651 seconds.
  path: Assets/Materials/Red_Tiles/Red_Tiles_DIFF.jpg
  artifactKey: Guid(22698e7c4e4589542b7ea6ddaf67480b) Importer(815301076,1909f56bfc062723c751e8b465ee728b)
Start importing Assets/Materials/Red_Tiles/Red_Tiles_DIFF.jpg using Guid(22698e7c4e4589542b7ea6ddaf67480b) Importer(815301076,1909f56bfc062723c751e8b465ee728b)  -> (artifact id: '17c6d0fbc25d4eceed0bb5ce43b62e11') in 0.230825 seconds
Number of updated asset objects reloaded before import = 0
Number of asset objects unloaded after import = 2
========================================================================
Received Import Request.
  Time since last request: 0.000040 seconds.
  path: Assets/Materials/Red_Tiles/Red_Tiles_NRM.jpg
  artifactKey: Guid(fbd199044ea9f2f4488596561a50662a) Importer(815301076,1909f56bfc062723c751e8b465ee728b)
Start importing Assets/Materials/Red_Tiles/Red_Tiles_NRM.jpg using Guid(fbd199044ea9f2f4488596561a50662a) Importer(815301076,1909f56bfc062723c751e8b465ee728b)  -> (artifact id: '0a8c8abdc300790f922224f0aa7b0d37') in 0.244200 seconds
Number of updated asset objects reloaded before import = 0
Number of asset objects unloaded after import = 2
========================================================================
Received Import Request.
  Time since last request: 0.000051 seconds.
  path: Assets/Materials/Red_Tiles/Red_Tiles_OCC.jpg
  artifactKey: Guid(6cc28f9bc3617db43b906c6acab6f92e) Importer(815301076,1909f56bfc062723c751e8b465ee728b)
Start importing Assets/Materials/Red_Tiles/Red_Tiles_OCC.jpg using Guid(6cc28f9bc3617db43b906c6acab6f92e) Importer(815301076,1909f56bfc062723c751e8b465ee728b)  -> (artifact id: '5bd3e8b75d3c14db6ad12ff5086458d3') in 0.238746 seconds
Number of updated asset objects reloaded before import = 0
Number of asset objects unloaded after import = 2
========================================================================
Received Import Request.
  Time since last request: 16.558971 seconds.
  path: Assets/Materials/Red_Tiles/Red Tile.mat
  artifactKey: Guid(df023a75506fb2a47b632a2acd5a4123) Importer(815301076,1909f56bfc062723c751e8b465ee728b)
Start importing Assets/Materials/Red_Tiles/Red Tile.mat using Guid(df023a75506fb2a47b632a2acd5a4123) Importer(815301076,1909f56bfc062723c751e8b465ee728b)  -> (artifact id: '4ff33742fde69665da57c138cf1a8101') in 0.094927 seconds
Number of updated asset objects reloaded before import = 0
Number of asset objects unloaded after import = 1
========================================================================
Received Import Request.
  Time since last request: 115.023798 seconds.
  path: Assets/Materials/Checker_Tiles/basictile.mat
  artifactKey: Guid(478e41a064e9eea4b83e66af8c16ec11) Importer(815301076,1909f56bfc062723c751e8b465ee728b)
Start importing Assets/Materials/Checker_Tiles/basictile.mat using Guid(478e41a064e9eea4b83e66af8c16ec11) Importer(815301076,1909f56bfc062723c751e8b465ee728b)  -> (artifact id: '2f3b746b347e4a777b4e6af0136bc72d') in 0.101099 seconds
Number of updated asset objects reloaded before import = 0
Number of asset objects unloaded after import = 1
========================================================================
Received Import Request.
  Time since last request: 59.791635 seconds.
  path: Assets/Materials/Checker_Tiles/basictile.mat
  artifactKey: Guid(478e41a064e9eea4b83e66af8c16ec11) Importer(815301076,1909f56bfc062723c751e8b465ee728b)
Start importing Assets/Materials/Checker_Tiles/basictile.mat using Guid(478e41a064e9eea4b83e66af8c16ec11) Importer(815301076,1909f56bfc062723c751e8b465ee728b)  -> (artifact id: 'defa61ca9143bc6d1893a4cfdbd0b653') in 0.140969 seconds
Number of updated asset objects reloaded before import = 0
Number of asset objects unloaded after import = 4
========================================================================
Received Prepare
Begin MonoManager ReloadAssembly
Symbol file LoadedFromMemory doesn't match image D:\Game Design\Unity Projects\Burge-G300-Final\Burge-Final\Library\PackageCache\com.unity.visualscripting@1.8.0\Editor\VisualScripting.Core\Dependencies\YamlDotNet\Unity.VisualScripting.YamlDotNet.dll
Symbol file LoadedFromMemory doesn't match image D:\Game Design\Unity Projects\Burge-G300-Final\Burge-Final\Library\PackageCache\com.unity.visualscripting@1.8.0\Editor\VisualScripting.Core\Dependencies\DotNetZip\Unity.VisualScripting.IonicZip.dll
- Loaded All Assemblies, in  1.768 seconds
Refreshing native plugins compatible for Editor in 5.88 ms, found 3 plugins.
Native extension for WindowsStandalone target not found
System.Exception: Error! Visual Scripting: couldn't find visual scripting package
  at Unity.VisualScripting.PackageVersionUtility.get_version () [0x00043] in .\Library\PackageCache\com.unity.visualscripting@1.8.0\Editor\VisualScripting.Core\Utilities\PackageVersionUtility.cs:31 
  at Unity.VisualScripting.BoltCoreManifest.get_version () [0x00000] in .\Library\PackageCache\com.unity.visualscripting@1.8.0\Editor\VisualScripting.Core\Plugin\BoltCoreManifest.cs:11 
  at Unity.VisualScripting.PluginManifest.get_currentVersion () [0x00000] in .\Library\PackageCache\com.unity.visualscripting@1.8.0\Editor\VisualScripting.Core\Plugins\PluginManifest.cs:33 
  at Unity.VisualScripting.PluginManifest.get_versionMismatch () [0x00000] in .\Library\PackageCache\com.unity.visualscripting@1.8.0\Editor\VisualScripting.Core\Plugins\PluginManifest.cs:48 
  at Unity.VisualScripting.PluginContainer.Initialize () [0x00525] in .\Library\PackageCache\com.unity.visualscripting@1.8.0\Editor\VisualScripting.Core\Plugins\PluginContainer.cs:208 
  at Unity.VisualScripting.PluginContainer.InitializeOnLoad () [0x00009] in .\Library\PackageCache\com.unity.visualscripting@1.8.0\Editor\VisualScripting.Core\Plugins\PluginContainer.cs:32 
  at Unity.VisualScripting.VSUsageUtility.DoInitializeOnLoadCalls () [0x00034] in .\Library\PackageCache\com.unity.visualscripting@1.8.0\Editor\VisualScripting.Core\Utilities\VSUsageUtility.cs:76 
  at Unity.VisualScripting.VSUsageUtility.set_isVisualScriptingUsed (System.Boolean value) [0x0002c] in .\Library\PackageCache\com.unity.visualscripting@1.8.0\Editor\VisualScripting.Core\Utilities\VSUsageUtility.cs:114 
  at Unity.VisualScripting.VSUsageUtility.CheckAndSetIsVisualScriptingUsed () [0x0000d] in .\Library\PackageCache\com.unity.visualscripting@1.8.0\Editor\VisualScripting.Core\Utilities\VSUsageUtility.cs:33 
  at Unity.VisualScripting.VSUsageUtility..cctor () [0x00000] in .\Library\PackageCache\com.unity.visualscripting@1.8.0\Editor\VisualScripting.Core\Utilities\VSUsageUtility.cs:22 
UnityEngine.StackTraceUtility:ExtractStackTrace ()
UnityEngine.DebugLogHandler:LogFormat (UnityEngine.LogType,UnityEngine.Object,string,object[])
UnityEngine.Logger:Log (UnityEngine.LogType,object)
UnityEngine.Debug:LogError (object)
UnityEditor.EditorAssemblies:ProcessInitializeOnLoadAttributes (System.Type[])

Mono: successfully reloaded assembly
- Finished resetting the current domain, in 24.384 seconds
Domain Reload Profiling: 26146ms
	BeginReloadAssembly (472ms)
		ExecutionOrderSort (0ms)
		DisableScriptedObjects (14ms)
		BackupInstance (0ms)
		ReleaseScriptingObjects (0ms)
		CreateAndSetChildDomain (188ms)
	RebuildCommonClasses (57ms)
	RebuildNativeTypeToScriptingClass (21ms)
	initialDomainReloadingComplete (62ms)
	LoadAllAssembliesAndSetupDomain (1148ms)
		LoadAssemblies (707ms)
		RebuildTransferFunctionScriptingTraits (0ms)
		AnalyzeDomain (572ms)
			TypeCache.Refresh (565ms)
				TypeCache.ScanAssembly (505ms)
			ScanForSourceGeneratedMonoScriptInfo (0ms)
			ResolveRequiredComponents (7ms)
	FinalizeReload (24386ms)
		ReleaseScriptCaches (0ms)
		RebuildScriptCaches (0ms)
		SetupLoadedEditorAssemblies (1556ms)
			LogAssemblyErrors (0ms)
			InitializePlatformSupportModulesInManaged (15ms)
			SetLoadedEditorAssemblies (12ms)
			RefreshPlugins (0ms)
			BeforeProcessingInitializeOnLoad (192ms)
			ProcessInitializeOnLoadAttributes (1249ms)
			ProcessInitializeOnLoadMethodAttributes (65ms)
			AfterProcessingInitializeOnLoad (24ms)
			EditorAssembliesLoaded (1ms)
		ExecutionOrderSort2 (0ms)
		AwakeInstancesAfterBackupRestoration (22ms)
Refreshing native plugins compatible for Editor in 11.17 ms, found 3 plugins.
Preloading 0 native plugins for Editor in 0.00 ms.
Unloading 3493 Unused Serialized files (Serialized files now loaded: 0)
Unloading 25 unused Assets / (86.9 KB). Loaded Objects now: 4035.
Memory consumption went from 132.1 MB to 132.0 MB.
Total: 40.392400 ms (FindLiveObjects: 0.916200 ms CreateObjectMapping: 1.668400 ms MarkObjects: 37.555800 ms  DeleteObjects: 0.246800 ms)

Prepare: number of updated asset objects reloaded= 0
AssetImportParameters requested are different than current active one (requested -> active):
  custom:container-demuxer-ogg: 62fdf1f143b41e24485cea50d1cbac27 -> 
  custom:video-codec-MediaFoundation-h265: 746d11721c4dcdbdad8f713fa42b33f4 -> 
  custom:video-decoder-ogg-theora: a1e56fd34408186e4bbccfd4996cb3dc -> 
  custom:framework-win-MediaFoundation: 216162199b28c13a410421893ffa2e32 -> 
  custom:CustomObjectIndexerAttribute: 756ad292c208cfabdd7b50bc23989ffe -> 
  custom:container-demuxer-webm: 4f35f7cbe854078d1ac9338744f61a02 -> 
  custom:container-muxer-webm: aa71ff27fc2769a1b78a27578f13a17b -> 
  custom:video-decoder-webm-vp8: 9c59270c3fd7afecdb556c50c9e8de78 -> 
  custom:AudioImporter_EditorPlatform: d09bf68614088b80899f8185d706f6e7 -> 
  custom:video-encoder-webm-vp8: eb34c28f22e8b96e1ab97ce403110664 -> 
  custom:audio-decoder-ogg-vorbis: bf7c407c2cedff20999df2af8eb42d56 -> 
  custom:audio-encoder-webm-vorbis: bf7c407c2cedff20999df2af8eb42d56 -> 
========================================================================
Received Import Request.
  Time since last request: 367.996912 seconds.
  path: Assets/Materials/Checker_Tiles/basictile.mat
  artifactKey: Guid(478e41a064e9eea4b83e66af8c16ec11) Importer(815301076,1909f56bfc062723c751e8b465ee728b)
Start importing Assets/Materials/Checker_Tiles/basictile.mat using Guid(478e41a064e9eea4b83e66af8c16ec11) Importer(815301076,1909f56bfc062723c751e8b465ee728b)  -> (artifact id: 'ca99e7d4b79872d10103ee6e803c4836') in 0.698959 seconds
Number of updated asset objects reloaded before import = 0
Number of asset objects unloaded after import = 5
========================================================================
Received Import Request.
  Time since last request: 40.614631 seconds.
  path: Assets/Materials/Sidewalk_Tiles
  artifactKey: Guid(098e40d22fe46da4d9de7455d01c34f6) Importer(815301076,1909f56bfc062723c751e8b465ee728b)
Start importing Assets/Materials/Sidewalk_Tiles using Guid(098e40d22fe46da4d9de7455d01c34f6) Importer(815301076,1909f56bfc062723c751e8b465ee728b)  -> (artifact id: '14a9bc357e013443b69a794851ff96fb') in 0.001280 seconds
Number of updated asset objects reloaded before import = 0
Number of asset objects unloaded after import = 0
========================================================================
Received Import Request.
  Time since last request: 18.972980 seconds.
  path: Assets/Materials/Sidewalk_Tiles/Sidewalk_Tiles_Albedo.jpg
  artifactKey: Guid(713b8861c5955c64ba997922ef256eb9) Importer(815301076,1909f56bfc062723c751e8b465ee728b)
Start importing Assets/Materials/Sidewalk_Tiles/Sidewalk_Tiles_Albedo.jpg using Guid(713b8861c5955c64ba997922ef256eb9) Importer(815301076,1909f56bfc062723c751e8b465ee728b)  -> (artifact id: '2b9c8261aaa41369455584fb934edf19') in 0.174784 seconds
Number of updated asset objects reloaded before import = 0
Number of asset objects unloaded after import = 2
========================================================================
Received Import Request.
  Time since last request: 0.000036 seconds.
  path: Assets/Materials/Sidewalk_Tiles/Sidewalk_Tiles_Roughness.png
  artifactKey: Guid(fdc047822b2e88e4a981512aa481230f) Importer(815301076,1909f56bfc062723c751e8b465ee728b)
Start importing Assets/Materials/Sidewalk_Tiles/Sidewalk_Tiles_Roughness.png using Guid(fdc047822b2e88e4a981512aa481230f) Importer(815301076,1909f56bfc062723c751e8b465ee728b)  -> (artifact id: '5827f09a15be97feddf60ac7699782bc') in 0.234583 seconds
Number of updated asset objects reloaded before import = 0
Number of asset objects unloaded after import = 2
========================================================================
Received Import Request.
  Time since last request: 0.000058 seconds.
  path: Assets/Materials/Sidewalk_Tiles/Sidewalk_Tiles_Normal.jpg
  artifactKey: Guid(c7451e97cb7ff31459147e8f147de820) Importer(815301076,1909f56bfc062723c751e8b465ee728b)
Start importing Assets/Materials/Sidewalk_Tiles/Sidewalk_Tiles_Normal.jpg using Guid(c7451e97cb7ff31459147e8f147de820) Importer(815301076,1909f56bfc062723c751e8b465ee728b)  -> (artifact id: 'e8a1b09ea34678551a89f704e85635ed') in 0.149045 seconds
Number of updated asset objects reloaded before import = 0
Number of asset objects unloaded after import = 2
========================================================================
Received Import Request.
  Time since last request: 8.798948 seconds.
  path: Assets/Materials/Sidewalk_Tiles/floor tile.mat
  artifactKey: Guid(63c6aa3a52ae40647a45e85f35c3e33e) Importer(815301076,1909f56bfc062723c751e8b465ee728b)
Start importing Assets/Materials/Sidewalk_Tiles/floor tile.mat using Guid(63c6aa3a52ae40647a45e85f35c3e33e) Importer(815301076,1909f56bfc062723c751e8b465ee728b)  -> (artifact id: '1430510991aca7794f08c19bdcaeae93') in 0.098282 seconds
Number of updated asset objects reloaded before import = 0
Number of asset objects unloaded after import = 1
========================================================================
Received Import Request.
  Time since last request: 81.919516 seconds.
  path: Assets/Materials/Sidewalk_Tiles/floor tile.mat
  artifactKey: Guid(63c6aa3a52ae40647a45e85f35c3e33e) Importer(815301076,1909f56bfc062723c751e8b465ee728b)
Start importing Assets/Materials/Sidewalk_Tiles/floor tile.mat using Guid(63c6aa3a52ae40647a45e85f35c3e33e) Importer(815301076,1909f56bfc062723c751e8b465ee728b)  -> (artifact id: '0bc90a6990502c61c812f7948ab619fe') in 1.101098 seconds
Number of updated asset objects reloaded before import = 0
Number of asset objects unloaded after import = 5
